<?xml version="1.0" encoding="UTF-8"?>
<robot generator="Robot 3.1.2 (Python 3.7.4 on win32)" generated="20221009 15:28:26.916" rpa="false">
<suite id="s1" name="List" source="D:\Python\TestProject\TestCases\list.robot">
<test id="s1-t1" name="Verify Card Display In the Shop Page">
<kw name="open browser with the mortgage payment url">
<kw name="Open Browser" library="SeleniumLibrary">
<doc>Opens a new browser instance to the given ``url``.</doc>
<arguments>
<arg>${url}</arg>
<arg>${browser}</arg>
</arguments>
<msg timestamp="20221009 15:28:27.177" level="INFO">Opening browser 'chrome' to base url 'https://rahulshettyacademy.com/loginpagePractise/'.</msg>
<status status="PASS" starttime="20221009 15:28:27.177" endtime="20221009 15:28:29.022"></status>
</kw>
<kw name="Maximize Browser Window" library="SeleniumLibrary">
<doc>Maximizes current browser window.</doc>
<status status="PASS" starttime="20221009 15:28:29.022" endtime="20221009 15:28:29.149"></status>
</kw>
<status status="PASS" starttime="20221009 15:28:27.176" endtime="20221009 15:28:29.149"></status>
</kw>
<kw name="Fill The Login Form">
<arguments>
<arg>${user_name}</arg>
<arg>${password}</arg>
</arguments>
<kw name="Input Text" library="SeleniumLibrary">
<doc>Types the given ``text`` into text field identified by ``locator``.</doc>
<arguments>
<arg>id:username</arg>
<arg>${user_name}</arg>
</arguments>
<msg timestamp="20221009 15:28:29.153" level="INFO">Typing text 'rahulshettyacademy' into text field 'id:username'.</msg>
<status status="PASS" starttime="20221009 15:28:29.152" endtime="20221009 15:28:29.338"></status>
</kw>
<kw name="Input Text" library="SeleniumLibrary">
<doc>Types the given ``text`` into text field identified by ``locator``.</doc>
<arguments>
<arg>id:password</arg>
<arg>${password}</arg>
</arguments>
<msg timestamp="20221009 15:28:29.338" level="INFO">Typing text 'learning' into text field 'id:password'.</msg>
<status status="PASS" starttime="20221009 15:28:29.338" endtime="20221009 15:28:29.448"></status>
</kw>
<kw name="Click Button" library="SeleniumLibrary">
<doc>Clicks button identified by ``locator``.</doc>
<arguments>
<arg>signInBtn</arg>
</arguments>
<msg timestamp="20221009 15:28:29.448" level="INFO">Clicking button 'signInBtn'.</msg>
<status status="PASS" starttime="20221009 15:28:29.448" endtime="20221009 15:28:29.527"></status>
</kw>
<status status="PASS" starttime="20221009 15:28:29.150" endtime="20221009 15:28:29.527"></status>
</kw>
<kw name="Set Selenium Implicit Wait" library="SeleniumLibrary">
<doc>Sets the implicit wait value used by Selenium.</doc>
<arguments>
<arg>20 seconds</arg>
</arguments>
<status status="PASS" starttime="20221009 15:28:29.528" endtime="20221009 15:28:29.529"></status>
</kw>
<kw name="Wait Until Element Is Visible" library="SeleniumLibrary">
<doc>Waits until element ``locator`` is visible.</doc>
<arguments>
<arg>css:.nav-link</arg>
</arguments>
<status status="PASS" starttime="20221009 15:28:29.530" endtime="20221009 15:28:32.771"></status>
</kw>
<kw name="Verify Card Titles In The Shop Page">
<kw name="Create List" library="BuiltIn">
<doc>Returns a list containing given items.</doc>
<arguments>
<arg>iphone X</arg>
<arg>Samsung Note 8</arg>
<arg>Nokia Edge</arg>
<arg>Blackberry</arg>
</arguments>
<assign>
<var>@{expectedList}</var>
</assign>
<msg timestamp="20221009 15:28:32.772" level="INFO">@{expectedList} = [ iphone X | Samsung Note 8 | Nokia Edge | Blackberry ]</msg>
<status status="PASS" starttime="20221009 15:28:32.772" endtime="20221009 15:28:32.772"></status>
</kw>
<kw name="Get WebElements" library="SeleniumLibrary">
<doc>Returns list of WebElement objects matching the ``locator``.</doc>
<arguments>
<arg>css:.card-title</arg>
</arguments>
<assign>
<var>@{elements}</var>
</assign>
<msg timestamp="20221009 15:28:32.796" level="INFO">@{elements} = [ &lt;selenium.webdriver.remote.webelement.WebElement (session="03782733877e56d3bf472f570f9447a9", element="3ec0ec27-aeda-4075-8b29-0edfbfd73056")&gt; | &lt;selenium.webdriver.remote.webelement.WebElement (ses...</msg>
<status status="PASS" starttime="20221009 15:28:32.773" endtime="20221009 15:28:32.796"></status>
</kw>
<kw name="Create List" library="BuiltIn">
<doc>Returns a list containing given items.</doc>
<assign>
<var>@{actualList}</var>
</assign>
<msg timestamp="20221009 15:28:32.796" level="INFO">@{actualList} = [ ]</msg>
<status status="PASS" starttime="20221009 15:28:32.796" endtime="20221009 15:28:32.797"></status>
</kw>
<kw name="For" library="Reserved">
<arguments>
<arg>${element}</arg>
<arg>In</arg>
<arg>@{elements}</arg>
</arguments>
<msg timestamp="20221009 15:28:32.797" level="FAIL">Variable '${element}' not found. Did you mean:
    ${elements}</msg>
<status status="FAIL" starttime="20221009 15:28:32.797" endtime="20221009 15:28:32.797"></status>
</kw>
<status status="FAIL" starttime="20221009 15:28:32.772" endtime="20221009 15:28:32.798"></status>
</kw>
<status status="FAIL" starttime="20221009 15:28:27.176" endtime="20221009 15:28:32.798" critical="yes">Variable '${element}' not found. Did you mean:
    ${elements}</status>
</test>
<status status="FAIL" starttime="20221009 15:28:26.917" endtime="20221009 15:28:32.800"></status>
</suite>
<statistics>
<total>
<stat pass="0" fail="1">Critical Tests</stat>
<stat pass="0" fail="1">All Tests</stat>
</total>
<tag>
</tag>
<suite>
<stat pass="0" fail="1" id="s1" name="List">List</stat>
</suite>
</statistics>
<errors>
</errors>
</robot>
